{"D:\\Projects\\agendamedica3\\bcc323\\src\\index.js": {"path":"D:\\Projects\\agendamedica3\\bcc323\\src\\index.js","statementMap":{"0":{"start":{"line":4,"column":0},"end":{"line":4,"column":27}},"1":{"start":{"line":6,"column":16},"end":{"line":6,"column":34}},"2":{"start":{"line":7,"column":17},"end":{"line":7,"column":36}},"3":{"start":{"line":8,"column":13},"end":{"line":8,"column":28}},"4":{"start":{"line":13,"column":12},"end":{"line":13,"column":21}},"5":{"start":{"line":14,"column":15},"end":{"line":14,"column":31}},"6":{"start":{"line":15,"column":17},"end":{"line":15,"column":31}},"7":{"start":{"line":20,"column":13},"end":{"line":20,"column":37}},"8":{"start":{"line":21,"column":15},"end":{"line":21,"column":41}},"9":{"start":{"line":22,"column":22},"end":{"line":22,"column":55}},"10":{"start":{"line":27,"column":0},"end":{"line":27,"column":24}},"11":{"start":{"line":28,"column":0},"end":{"line":28,"column":16}},"12":{"start":{"line":33,"column":0},"end":{"line":37,"column":17}},"13":{"start":{"line":40,"column":0},"end":{"line":42,"column":3}},"14":{"start":{"line":41,"column":4},"end":{"line":41,"column":57}},"15":{"start":{"line":48,"column":0},"end":{"line":48,"column":23}},"16":{"start":{"line":49,"column":0},"end":{"line":49,"column":27}},"17":{"start":{"line":50,"column":0},"end":{"line":50,"column":41}},"18":{"start":{"line":55,"column":0},"end":{"line":57,"column":4}},"19":{"start":{"line":56,"column":4},"end":{"line":56,"column":30}},"20":{"start":{"line":61,"column":0},"end":{"line":61,"column":42}},"21":{"start":{"line":63,"column":13},"end":{"line":63,"column":17}},"22":{"start":{"line":65,"column":0},"end":{"line":70,"column":1}},"23":{"start":{"line":67,"column":4},"end":{"line":69,"column":7}},"24":{"start":{"line":68,"column":8},"end":{"line":68,"column":64}},"25":{"start":{"line":72,"column":0},"end":{"line":76,"column":1}}},"fnMap":{"0":{"name":"(anonymous_0)","decl":{"start":{"line":37,"column":8},"end":{"line":37,"column":9}},"loc":{"start":{"line":37,"column":14},"end":{"line":37,"column":16}},"line":37},"1":{"name":"(anonymous_1)","decl":{"start":{"line":40,"column":36},"end":{"line":40,"column":37}},"loc":{"start":{"line":40,"column":42},"end":{"line":42,"column":1}},"line":40},"2":{"name":"(anonymous_2)","decl":{"start":{"line":55,"column":24},"end":{"line":55,"column":25}},"loc":{"start":{"line":55,"column":38},"end":{"line":57,"column":1}},"line":55},"3":{"name":"(anonymous_3)","decl":{"start":{"line":67,"column":41},"end":{"line":67,"column":42}},"loc":{"start":{"line":67,"column":47},"end":{"line":69,"column":5}},"line":67}},"branchMap":{"0":{"loc":{"start":{"line":61,"column":16},"end":{"line":61,"column":40}},"type":"binary-expr","locations":[{"start":{"line":61,"column":16},"end":{"line":61,"column":32}},{"start":{"line":61,"column":36},"end":{"line":61,"column":40}}],"line":61},"1":{"loc":{"start":{"line":65,"column":0},"end":{"line":70,"column":1}},"type":"if","locations":[{"start":{"line":65,"column":0},"end":{"line":70,"column":1}},{"start":{"line":65,"column":0},"end":{"line":70,"column":1}}],"line":65}},"s":{"0":2,"1":2,"2":2,"3":2,"4":2,"5":2,"6":2,"7":2,"8":2,"9":2,"10":2,"11":2,"12":2,"13":2,"14":2,"15":2,"16":2,"17":2,"18":2,"19":0,"20":2,"21":2,"22":2,"23":0,"24":0,"25":2},"f":{"0":2,"1":2,"2":0,"3":0},"b":{"0":[2,2],"1":[0,2]},"_coverageSchema":"1a1c01bbd47fc00a2c39e90264f33305004495a9","hash":"a7ef3a013ab2cbd713822185de4f56ae0765d4cb"}
,"D:\\Projects\\agendamedica3\\bcc323\\src\\controllers\\Doctor.js": {"path":"D:\\Projects\\agendamedica3\\bcc323\\src\\controllers\\Doctor.js","statementMap":{"0":{"start":{"line":1,"column":20},"end":{"line":1,"column":47}},"1":{"start":{"line":2,"column":18},"end":{"line":2,"column":43}},"2":{"start":{"line":3,"column":18},"end":{"line":3,"column":43}},"3":{"start":{"line":5,"column":0},"end":{"line":151,"column":1}},"4":{"start":{"line":7,"column":61},"end":{"line":7,"column":69}},"5":{"start":{"line":9,"column":8},"end":{"line":10,"column":72}},"6":{"start":{"line":10,"column":12},"end":{"line":10,"column":72}},"7":{"start":{"line":12,"column":8},"end":{"line":33,"column":9}},"8":{"start":{"line":13,"column":12},"end":{"line":14,"column":81}},"9":{"start":{"line":14,"column":16},"end":{"line":14,"column":81}},"10":{"start":{"line":16,"column":12},"end":{"line":17,"column":81}},"11":{"start":{"line":17,"column":16},"end":{"line":17,"column":81}},"12":{"start":{"line":19,"column":27},"end":{"line":26,"column":14}},"13":{"start":{"line":28,"column":12},"end":{"line":28,"column":51}},"14":{"start":{"line":31,"column":12},"end":{"line":31,"column":29}},"15":{"start":{"line":32,"column":12},"end":{"line":32,"column":76}},"16":{"start":{"line":37,"column":66},"end":{"line":37,"column":74}},"17":{"start":{"line":39,"column":8},"end":{"line":40,"column":72}},"18":{"start":{"line":40,"column":12},"end":{"line":40,"column":72}},"19":{"start":{"line":42,"column":8},"end":{"line":79,"column":9}},"20":{"start":{"line":43,"column":25},"end":{"line":43,"column":78}},"21":{"start":{"line":45,"column":12},"end":{"line":47,"column":13}},"22":{"start":{"line":46,"column":16},"end":{"line":46,"column":73}},"23":{"start":{"line":49,"column":24},"end":{"line":49,"column":25}},"24":{"start":{"line":51,"column":12},"end":{"line":54,"column":26}},"25":{"start":{"line":52,"column":16},"end":{"line":52,"column":39}},"26":{"start":{"line":54,"column":16},"end":{"line":54,"column":26}},"27":{"start":{"line":56,"column":12},"end":{"line":58,"column":13}},"28":{"start":{"line":57,"column":16},"end":{"line":57,"column":89}},"29":{"start":{"line":60,"column":27},"end":{"line":60,"column":66}},"30":{"start":{"line":62,"column":29},"end":{"line":66,"column":13}},"31":{"start":{"line":68,"column":12},"end":{"line":68,"column":49}},"32":{"start":{"line":69,"column":12},"end":{"line":69,"column":31}},"33":{"start":{"line":70,"column":12},"end":{"line":70,"column":50}},"34":{"start":{"line":72,"column":28},"end":{"line":72,"column":67}},"35":{"start":{"line":74,"column":12},"end":{"line":74,"column":52}},"36":{"start":{"line":77,"column":12},"end":{"line":77,"column":28}},"37":{"start":{"line":78,"column":12},"end":{"line":78,"column":76}},"38":{"start":{"line":83,"column":49},"end":{"line":83,"column":57}},"39":{"start":{"line":85,"column":8},"end":{"line":105,"column":9}},"40":{"start":{"line":86,"column":25},"end":{"line":86,"column":78}},"41":{"start":{"line":87,"column":27},"end":{"line":87,"column":66}},"42":{"start":{"line":89,"column":20},"end":{"line":92,"column":14}},"43":{"start":{"line":90,"column":16},"end":{"line":91,"column":32}},"44":{"start":{"line":91,"column":20},"end":{"line":91,"column":32}},"45":{"start":{"line":94,"column":12},"end":{"line":94,"column":35}},"46":{"start":{"line":96,"column":12},"end":{"line":97,"column":59}},"47":{"start":{"line":97,"column":16},"end":{"line":97,"column":59}},"48":{"start":{"line":99,"column":12},"end":{"line":99,"column":32}},"49":{"start":{"line":101,"column":12},"end":{"line":101,"column":69}},"50":{"start":{"line":103,"column":12},"end":{"line":103,"column":28}},"51":{"start":{"line":104,"column":12},"end":{"line":104,"column":76}},"52":{"start":{"line":109,"column":35},"end":{"line":109,"column":43}},"53":{"start":{"line":111,"column":8},"end":{"line":127,"column":9}},"54":{"start":{"line":112,"column":28},"end":{"line":112,"column":79}},"55":{"start":{"line":114,"column":12},"end":{"line":118,"column":13}},"56":{"start":{"line":115,"column":16},"end":{"line":115,"column":49}},"57":{"start":{"line":117,"column":16},"end":{"line":117,"column":75}},"58":{"start":{"line":119,"column":15},"end":{"line":127,"column":9}},"59":{"start":{"line":120,"column":28},"end":{"line":120,"column":64}},"60":{"start":{"line":122,"column":12},"end":{"line":126,"column":13}},"61":{"start":{"line":123,"column":16},"end":{"line":123,"column":49}},"62":{"start":{"line":125,"column":16},"end":{"line":125,"column":75}},"63":{"start":{"line":131,"column":30},"end":{"line":131,"column":38}},"64":{"start":{"line":133,"column":8},"end":{"line":134,"column":72}},"65":{"start":{"line":134,"column":12},"end":{"line":134,"column":72}},"66":{"start":{"line":136,"column":8},"end":{"line":148,"column":9}},"67":{"start":{"line":137,"column":29},"end":{"line":137,"column":80}},"68":{"start":{"line":139,"column":12},"end":{"line":142,"column":13}},"69":{"start":{"line":140,"column":16},"end":{"line":140,"column":40}},"70":{"start":{"line":141,"column":16},"end":{"line":141,"column":75}},"71":{"start":{"line":144,"column":12},"end":{"line":144,"column":83}},"72":{"start":{"line":146,"column":12},"end":{"line":146,"column":29}},"73":{"start":{"line":147,"column":12},"end":{"line":147,"column":76}}},"fnMap":{"0":{"name":"(anonymous_0)","decl":{"start":{"line":6,"column":4},"end":{"line":6,"column":5}},"loc":{"start":{"line":6,"column":27},"end":{"line":34,"column":5}},"line":6},"1":{"name":"(anonymous_1)","decl":{"start":{"line":36,"column":4},"end":{"line":36,"column":5}},"loc":{"start":{"line":36,"column":28},"end":{"line":80,"column":5}},"line":36},"2":{"name":"(anonymous_2)","decl":{"start":{"line":82,"column":4},"end":{"line":82,"column":5}},"loc":{"start":{"line":82,"column":31},"end":{"line":106,"column":5}},"line":82},"3":{"name":"(anonymous_3)","decl":{"start":{"line":89,"column":41},"end":{"line":89,"column":42}},"loc":{"start":{"line":89,"column":63},"end":{"line":92,"column":13}},"line":89},"4":{"name":"(anonymous_4)","decl":{"start":{"line":108,"column":4},"end":{"line":108,"column":5}},"loc":{"start":{"line":108,"column":34},"end":{"line":128,"column":5}},"line":108},"5":{"name":"(anonymous_5)","decl":{"start":{"line":130,"column":4},"end":{"line":130,"column":5}},"loc":{"start":{"line":130,"column":27},"end":{"line":149,"column":5}},"line":130}},"branchMap":{"0":{"loc":{"start":{"line":9,"column":8},"end":{"line":10,"column":72}},"type":"if","locations":[{"start":{"line":9,"column":8},"end":{"line":10,"column":72}},{"start":{"line":9,"column":8},"end":{"line":10,"column":72}}],"line":9},"1":{"loc":{"start":{"line":9,"column":12},"end":{"line":9,"column":110}},"type":"binary-expr","locations":[{"start":{"line":9,"column":12},"end":{"line":9,"column":24}},{"start":{"line":9,"column":28},"end":{"line":9,"column":39}},{"start":{"line":9,"column":43},"end":{"line":9,"column":54}},{"start":{"line":9,"column":58},"end":{"line":9,"column":71}},{"start":{"line":9,"column":75},"end":{"line":9,"column":86}},{"start":{"line":9,"column":90},"end":{"line":9,"column":110}}],"line":9},"2":{"loc":{"start":{"line":13,"column":12},"end":{"line":14,"column":81}},"type":"if","locations":[{"start":{"line":13,"column":12},"end":{"line":14,"column":81}},{"start":{"line":13,"column":12},"end":{"line":14,"column":81}}],"line":13},"3":{"loc":{"start":{"line":16,"column":12},"end":{"line":17,"column":81}},"type":"if","locations":[{"start":{"line":16,"column":12},"end":{"line":17,"column":81}},{"start":{"line":16,"column":12},"end":{"line":17,"column":81}}],"line":16},"4":{"loc":{"start":{"line":39,"column":8},"end":{"line":40,"column":72}},"type":"if","locations":[{"start":{"line":39,"column":8},"end":{"line":40,"column":72}},{"start":{"line":39,"column":8},"end":{"line":40,"column":72}}],"line":39},"5":{"loc":{"start":{"line":39,"column":12},"end":{"line":39,"column":46}},"type":"binary-expr","locations":[{"start":{"line":39,"column":12},"end":{"line":39,"column":23}},{"start":{"line":39,"column":27},"end":{"line":39,"column":46}}],"line":39},"6":{"loc":{"start":{"line":45,"column":12},"end":{"line":47,"column":13}},"type":"if","locations":[{"start":{"line":45,"column":12},"end":{"line":47,"column":13}},{"start":{"line":45,"column":12},"end":{"line":47,"column":13}}],"line":45},"7":{"loc":{"start":{"line":51,"column":12},"end":{"line":54,"column":26}},"type":"if","locations":[{"start":{"line":51,"column":12},"end":{"line":54,"column":26}},{"start":{"line":51,"column":12},"end":{"line":54,"column":26}}],"line":51},"8":{"loc":{"start":{"line":56,"column":12},"end":{"line":58,"column":13}},"type":"if","locations":[{"start":{"line":56,"column":12},"end":{"line":58,"column":13}},{"start":{"line":56,"column":12},"end":{"line":58,"column":13}}],"line":56},"9":{"loc":{"start":{"line":90,"column":16},"end":{"line":91,"column":32}},"type":"if","locations":[{"start":{"line":90,"column":16},"end":{"line":91,"column":32}},{"start":{"line":90,"column":16},"end":{"line":91,"column":32}}],"line":90},"10":{"loc":{"start":{"line":96,"column":12},"end":{"line":97,"column":59}},"type":"if","locations":[{"start":{"line":96,"column":12},"end":{"line":97,"column":59}},{"start":{"line":96,"column":12},"end":{"line":97,"column":59}}],"line":96},"11":{"loc":{"start":{"line":111,"column":8},"end":{"line":127,"column":9}},"type":"if","locations":[{"start":{"line":111,"column":8},"end":{"line":127,"column":9}},{"start":{"line":111,"column":8},"end":{"line":127,"column":9}}],"line":111},"12":{"loc":{"start":{"line":114,"column":12},"end":{"line":118,"column":13}},"type":"if","locations":[{"start":{"line":114,"column":12},"end":{"line":118,"column":13}},{"start":{"line":114,"column":12},"end":{"line":118,"column":13}}],"line":114},"13":{"loc":{"start":{"line":119,"column":15},"end":{"line":127,"column":9}},"type":"if","locations":[{"start":{"line":119,"column":15},"end":{"line":127,"column":9}},{"start":{"line":119,"column":15},"end":{"line":127,"column":9}}],"line":119},"14":{"loc":{"start":{"line":122,"column":12},"end":{"line":126,"column":13}},"type":"if","locations":[{"start":{"line":122,"column":12},"end":{"line":126,"column":13}},{"start":{"line":122,"column":12},"end":{"line":126,"column":13}}],"line":122},"15":{"loc":{"start":{"line":133,"column":8},"end":{"line":134,"column":72}},"type":"if","locations":[{"start":{"line":133,"column":8},"end":{"line":134,"column":72}},{"start":{"line":133,"column":8},"end":{"line":134,"column":72}}],"line":133},"16":{"loc":{"start":{"line":133,"column":12},"end":{"line":133,"column":39}},"type":"binary-expr","locations":[{"start":{"line":133,"column":12},"end":{"line":133,"column":24}},{"start":{"line":133,"column":28},"end":{"line":133,"column":39}}],"line":133},"17":{"loc":{"start":{"line":139,"column":12},"end":{"line":142,"column":13}},"type":"if","locations":[{"start":{"line":139,"column":12},"end":{"line":142,"column":13}},{"start":{"line":139,"column":12},"end":{"line":142,"column":13}}],"line":139}},"s":{"0":2,"1":2,"2":2,"3":2,"4":1,"5":1,"6":0,"7":1,"8":1,"9":0,"10":1,"11":0,"12":1,"13":1,"14":0,"15":0,"16":1,"17":1,"18":0,"19":1,"20":1,"21":1,"22":0,"23":1,"24":1,"25":0,"26":1,"27":1,"28":0,"29":1,"30":1,"31":1,"32":1,"33":1,"34":1,"35":1,"36":0,"37":0,"38":1,"39":1,"40":1,"41":1,"42":1,"43":1,"44":0,"45":1,"46":1,"47":1,"48":1,"49":1,"50":0,"51":0,"52":2,"53":2,"54":1,"55":1,"56":1,"57":0,"58":1,"59":1,"60":1,"61":1,"62":0,"63":1,"64":1,"65":0,"66":1,"67":1,"68":1,"69":1,"70":1,"71":0,"72":0,"73":0},"f":{"0":1,"1":1,"2":1,"3":1,"4":2,"5":1},"b":{"0":[0,1],"1":[1,1,1,1,1,1],"2":[0,1],"3":[0,1],"4":[0,1],"5":[1,1],"6":[0,1],"7":[0,1],"8":[0,1],"9":[0,1],"10":[1,0],"11":[1,1],"12":[1,0],"13":[1,0],"14":[1,0],"15":[0,1],"16":[1,1],"17":[1,0]},"_coverageSchema":"1a1c01bbd47fc00a2c39e90264f33305004495a9","hash":"06cb9a50b3de3424d184dd3aa40a8deb6011f6b8"}
,"D:\\Projects\\agendamedica3\\bcc323\\src\\controllers\\MedicalClinic.js": {"path":"D:\\Projects\\agendamedica3\\bcc323\\src\\controllers\\MedicalClinic.js","statementMap":{"0":{"start":{"line":1,"column":16},"end":{"line":1,"column":50}},"1":{"start":{"line":2,"column":20},"end":{"line":2,"column":47}},"2":{"start":{"line":4,"column":0},"end":{"line":148,"column":1}},"3":{"start":{"line":6,"column":60},"end":{"line":6,"column":68}},"4":{"start":{"line":8,"column":8},"end":{"line":9,"column":72}},"5":{"start":{"line":9,"column":12},"end":{"line":9,"column":72}},"6":{"start":{"line":11,"column":8},"end":{"line":28,"column":9}},"7":{"start":{"line":12,"column":12},"end":{"line":13,"column":89}},"8":{"start":{"line":13,"column":16},"end":{"line":13,"column":89}},"9":{"start":{"line":15,"column":27},"end":{"line":21,"column":14}},"10":{"start":{"line":23,"column":12},"end":{"line":23,"column":51}},"11":{"start":{"line":26,"column":12},"end":{"line":26,"column":29}},"12":{"start":{"line":27,"column":12},"end":{"line":27,"column":76}},"13":{"start":{"line":32,"column":31},"end":{"line":32,"column":39}},"14":{"start":{"line":34,"column":8},"end":{"line":35,"column":72}},"15":{"start":{"line":35,"column":12},"end":{"line":35,"column":72}},"16":{"start":{"line":37,"column":8},"end":{"line":55,"column":9}},"17":{"start":{"line":38,"column":25},"end":{"line":38,"column":30}},"18":{"start":{"line":40,"column":12},"end":{"line":41,"column":62}},"19":{"start":{"line":41,"column":16},"end":{"line":41,"column":62}},"20":{"start":{"line":43,"column":12},"end":{"line":44,"column":62}},"21":{"start":{"line":44,"column":16},"end":{"line":44,"column":62}},"22":{"start":{"line":46,"column":12},"end":{"line":50,"column":13}},"23":{"start":{"line":47,"column":16},"end":{"line":47,"column":48}},"24":{"start":{"line":49,"column":16},"end":{"line":49,"column":75}},"25":{"start":{"line":53,"column":12},"end":{"line":53,"column":29}},"26":{"start":{"line":54,"column":12},"end":{"line":54,"column":76}},"27":{"start":{"line":59,"column":37},"end":{"line":59,"column":45}},"28":{"start":{"line":61,"column":8},"end":{"line":62,"column":72}},"29":{"start":{"line":62,"column":12},"end":{"line":62,"column":72}},"30":{"start":{"line":64,"column":8},"end":{"line":83,"column":9}},"31":{"start":{"line":65,"column":34},"end":{"line":65,"column":85}},"32":{"start":{"line":67,"column":12},"end":{"line":76,"column":13}},"33":{"start":{"line":68,"column":16},"end":{"line":70,"column":18}},"34":{"start":{"line":69,"column":20},"end":{"line":69,"column":72}},"35":{"start":{"line":71,"column":16},"end":{"line":71,"column":43}},"36":{"start":{"line":74,"column":16},"end":{"line":74,"column":58}},"37":{"start":{"line":75,"column":16},"end":{"line":75,"column":42}},"38":{"start":{"line":78,"column":12},"end":{"line":78,"column":58}},"39":{"start":{"line":81,"column":12},"end":{"line":81,"column":28}},"40":{"start":{"line":82,"column":12},"end":{"line":82,"column":76}},"41":{"start":{"line":87,"column":37},"end":{"line":87,"column":45}},"42":{"start":{"line":89,"column":8},"end":{"line":90,"column":72}},"43":{"start":{"line":90,"column":12},"end":{"line":90,"column":72}},"44":{"start":{"line":91,"column":8},"end":{"line":105,"column":9}},"45":{"start":{"line":92,"column":34},"end":{"line":92,"column":85}},"46":{"start":{"line":93,"column":12},"end":{"line":97,"column":14}},"47":{"start":{"line":98,"column":35},"end":{"line":98,"column":86}},"48":{"start":{"line":100,"column":12},"end":{"line":100,"column":59}},"49":{"start":{"line":103,"column":12},"end":{"line":103,"column":29}},"50":{"start":{"line":104,"column":12},"end":{"line":104,"column":76}},"51":{"start":{"line":110,"column":32},"end":{"line":110,"column":40}},"52":{"start":{"line":112,"column":8},"end":{"line":113,"column":72}},"53":{"start":{"line":113,"column":12},"end":{"line":113,"column":72}},"54":{"start":{"line":115,"column":8},"end":{"line":129,"column":9}},"55":{"start":{"line":116,"column":27},"end":{"line":116,"column":78}},"56":{"start":{"line":117,"column":30},"end":{"line":117,"column":32}},"57":{"start":{"line":119,"column":12},"end":{"line":122,"column":13}},"58":{"start":{"line":119,"column":25},"end":{"line":119,"column":26}},"59":{"start":{"line":120,"column":29},"end":{"line":120,"column":86}},"60":{"start":{"line":121,"column":16},"end":{"line":121,"column":41}},"61":{"start":{"line":124,"column":12},"end":{"line":124,"column":49}},"62":{"start":{"line":127,"column":12},"end":{"line":127,"column":30}},"63":{"start":{"line":128,"column":12},"end":{"line":128,"column":76}},"64":{"start":{"line":133,"column":32},"end":{"line":133,"column":40}},"65":{"start":{"line":135,"column":8},"end":{"line":145,"column":9}},"66":{"start":{"line":136,"column":29},"end":{"line":136,"column":82}},"67":{"start":{"line":138,"column":12},"end":{"line":139,"column":83}},"68":{"start":{"line":139,"column":16},"end":{"line":139,"column":83}},"69":{"start":{"line":141,"column":12},"end":{"line":141,"column":91}},"70":{"start":{"line":143,"column":12},"end":{"line":143,"column":29}},"71":{"start":{"line":144,"column":12},"end":{"line":144,"column":76}}},"fnMap":{"0":{"name":"(anonymous_0)","decl":{"start":{"line":5,"column":4},"end":{"line":5,"column":5}},"loc":{"start":{"line":5,"column":27},"end":{"line":29,"column":5}},"line":5},"1":{"name":"(anonymous_1)","decl":{"start":{"line":31,"column":4},"end":{"line":31,"column":5}},"loc":{"start":{"line":31,"column":27},"end":{"line":56,"column":5}},"line":31},"2":{"name":"(anonymous_2)","decl":{"start":{"line":58,"column":4},"end":{"line":58,"column":5}},"loc":{"start":{"line":58,"column":30},"end":{"line":84,"column":5}},"line":58},"3":{"name":"(anonymous_3)","decl":{"start":{"line":68,"column":24},"end":{"line":68,"column":25}},"loc":{"start":{"line":68,"column":45},"end":{"line":70,"column":17}},"line":68},"4":{"name":"(anonymous_4)","decl":{"start":{"line":86,"column":4},"end":{"line":86,"column":5}},"loc":{"start":{"line":86,"column":39},"end":{"line":107,"column":5}},"line":86},"5":{"name":"(anonymous_5)","decl":{"start":{"line":109,"column":4},"end":{"line":109,"column":5}},"loc":{"start":{"line":109,"column":30},"end":{"line":130,"column":5}},"line":109},"6":{"name":"(anonymous_6)","decl":{"start":{"line":132,"column":4},"end":{"line":132,"column":5}},"loc":{"start":{"line":132,"column":27},"end":{"line":146,"column":5}},"line":132}},"branchMap":{"0":{"loc":{"start":{"line":8,"column":8},"end":{"line":9,"column":72}},"type":"if","locations":[{"start":{"line":8,"column":8},"end":{"line":9,"column":72}},{"start":{"line":8,"column":8},"end":{"line":9,"column":72}}],"line":8},"1":{"loc":{"start":{"line":8,"column":12},"end":{"line":8,"column":99}},"type":"binary-expr","locations":[{"start":{"line":8,"column":12},"end":{"line":8,"column":24}},{"start":{"line":8,"column":28},"end":{"line":8,"column":40}},{"start":{"line":8,"column":44},"end":{"line":8,"column":59}},{"start":{"line":8,"column":63},"end":{"line":8,"column":76}},{"start":{"line":8,"column":80},"end":{"line":8,"column":99}}],"line":8},"2":{"loc":{"start":{"line":12,"column":12},"end":{"line":13,"column":89}},"type":"if","locations":[{"start":{"line":12,"column":12},"end":{"line":13,"column":89}},{"start":{"line":12,"column":12},"end":{"line":13,"column":89}}],"line":12},"3":{"loc":{"start":{"line":34,"column":8},"end":{"line":35,"column":72}},"type":"if","locations":[{"start":{"line":34,"column":8},"end":{"line":35,"column":72}},{"start":{"line":34,"column":8},"end":{"line":35,"column":72}}],"line":34},"4":{"loc":{"start":{"line":34,"column":12},"end":{"line":34,"column":40}},"type":"binary-expr","locations":[{"start":{"line":34,"column":12},"end":{"line":34,"column":24}},{"start":{"line":34,"column":28},"end":{"line":34,"column":40}}],"line":34},"5":{"loc":{"start":{"line":40,"column":12},"end":{"line":41,"column":62}},"type":"if","locations":[{"start":{"line":40,"column":12},"end":{"line":41,"column":62}},{"start":{"line":40,"column":12},"end":{"line":41,"column":62}}],"line":40},"6":{"loc":{"start":{"line":43,"column":12},"end":{"line":44,"column":62}},"type":"if","locations":[{"start":{"line":43,"column":12},"end":{"line":44,"column":62}},{"start":{"line":43,"column":12},"end":{"line":44,"column":62}}],"line":43},"7":{"loc":{"start":{"line":46,"column":12},"end":{"line":50,"column":13}},"type":"if","locations":[{"start":{"line":46,"column":12},"end":{"line":50,"column":13}},{"start":{"line":46,"column":12},"end":{"line":50,"column":13}}],"line":46},"8":{"loc":{"start":{"line":61,"column":8},"end":{"line":62,"column":72}},"type":"if","locations":[{"start":{"line":61,"column":8},"end":{"line":62,"column":72}},{"start":{"line":61,"column":8},"end":{"line":62,"column":72}}],"line":61},"9":{"loc":{"start":{"line":67,"column":12},"end":{"line":76,"column":13}},"type":"if","locations":[{"start":{"line":67,"column":12},"end":{"line":76,"column":13}},{"start":{"line":67,"column":12},"end":{"line":76,"column":13}}],"line":67},"10":{"loc":{"start":{"line":89,"column":8},"end":{"line":90,"column":72}},"type":"if","locations":[{"start":{"line":89,"column":8},"end":{"line":90,"column":72}},{"start":{"line":89,"column":8},"end":{"line":90,"column":72}}],"line":89},"11":{"loc":{"start":{"line":89,"column":12},"end":{"line":89,"column":46}},"type":"binary-expr","locations":[{"start":{"line":89,"column":12},"end":{"line":89,"column":23}},{"start":{"line":89,"column":27},"end":{"line":89,"column":46}}],"line":89},"12":{"loc":{"start":{"line":112,"column":8},"end":{"line":113,"column":72}},"type":"if","locations":[{"start":{"line":112,"column":8},"end":{"line":113,"column":72}},{"start":{"line":112,"column":8},"end":{"line":113,"column":72}}],"line":112},"13":{"loc":{"start":{"line":138,"column":12},"end":{"line":139,"column":83}},"type":"if","locations":[{"start":{"line":138,"column":12},"end":{"line":139,"column":83}},{"start":{"line":138,"column":12},"end":{"line":139,"column":83}}],"line":138}},"s":{"0":2,"1":2,"2":2,"3":1,"4":1,"5":0,"6":1,"7":1,"8":0,"9":1,"10":1,"11":0,"12":0,"13":2,"14":2,"15":0,"16":2,"17":2,"18":2,"19":1,"20":2,"21":1,"22":2,"23":2,"24":0,"25":0,"26":0,"27":2,"28":2,"29":0,"30":2,"31":2,"32":2,"33":1,"34":2,"35":1,"36":1,"37":1,"38":2,"39":0,"40":0,"41":1,"42":1,"43":0,"44":1,"45":1,"46":1,"47":1,"48":1,"49":0,"50":0,"51":1,"52":1,"53":0,"54":1,"55":1,"56":1,"57":1,"58":1,"59":2,"60":2,"61":1,"62":0,"63":0,"64":1,"65":1,"66":1,"67":1,"68":1,"69":0,"70":0,"71":0},"f":{"0":1,"1":2,"2":2,"3":2,"4":1,"5":1,"6":1},"b":{"0":[0,1],"1":[1,1,1,1,1],"2":[0,1],"3":[0,2],"4":[2,1],"5":[1,1],"6":[1,1],"7":[2,0],"8":[0,2],"9":[1,1],"10":[0,1],"11":[1,1],"12":[0,1],"13":[1,0]},"_coverageSchema":"1a1c01bbd47fc00a2c39e90264f33305004495a9","hash":"d49e0427ce1dcebd5fd58828be41a8a8327a0eef"}
,"D:\\Projects\\agendamedica3\\bcc323\\src\\controllers\\User.js": {"path":"D:\\Projects\\agendamedica3\\bcc323\\src\\controllers\\User.js","statementMap":{"0":{"start":{"line":2,"column":18},"end":{"line":2,"column":43}},"1":{"start":{"line":3,"column":20},"end":{"line":3,"column":47}},"2":{"start":{"line":8,"column":0},"end":{"line":98,"column":2}},"3":{"start":{"line":10,"column":55},"end":{"line":10,"column":63}},"4":{"start":{"line":12,"column":8},"end":{"line":13,"column":72}},"5":{"start":{"line":13,"column":12},"end":{"line":13,"column":72}},"6":{"start":{"line":15,"column":8},"end":{"line":32,"column":9}},"7":{"start":{"line":16,"column":12},"end":{"line":17,"column":79}},"8":{"start":{"line":17,"column":16},"end":{"line":17,"column":79}},"9":{"start":{"line":19,"column":25},"end":{"line":25,"column":14}},"10":{"start":{"line":27,"column":12},"end":{"line":27,"column":50}},"11":{"start":{"line":30,"column":12},"end":{"line":30,"column":29}},"12":{"start":{"line":31,"column":12},"end":{"line":31,"column":76}},"13":{"start":{"line":36,"column":8},"end":{"line":42,"column":9}},"14":{"start":{"line":37,"column":24},"end":{"line":37,"column":48}},"15":{"start":{"line":38,"column":12},"end":{"line":38,"column":49}},"16":{"start":{"line":40,"column":12},"end":{"line":40,"column":28}},"17":{"start":{"line":41,"column":12},"end":{"line":41,"column":75}},"18":{"start":{"line":46,"column":30},"end":{"line":46,"column":38}},"19":{"start":{"line":49,"column":8},"end":{"line":50,"column":72}},"20":{"start":{"line":50,"column":12},"end":{"line":50,"column":72}},"21":{"start":{"line":52,"column":8},"end":{"line":62,"column":9}},"22":{"start":{"line":53,"column":29},"end":{"line":53,"column":85}},"23":{"start":{"line":55,"column":12},"end":{"line":56,"column":73}},"24":{"start":{"line":56,"column":16},"end":{"line":56,"column":73}},"25":{"start":{"line":58,"column":12},"end":{"line":58,"column":81}},"26":{"start":{"line":60,"column":12},"end":{"line":60,"column":29}},"27":{"start":{"line":61,"column":12},"end":{"line":61,"column":76}},"28":{"start":{"line":66,"column":43},"end":{"line":66,"column":51}},"29":{"start":{"line":69,"column":8},"end":{"line":70,"column":72}},"30":{"start":{"line":70,"column":12},"end":{"line":70,"column":72}},"31":{"start":{"line":72,"column":8},"end":{"line":73,"column":72}},"32":{"start":{"line":73,"column":12},"end":{"line":73,"column":72}},"33":{"start":{"line":75,"column":8},"end":{"line":96,"column":9}},"34":{"start":{"line":76,"column":27},"end":{"line":76,"column":59}},"35":{"start":{"line":78,"column":12},"end":{"line":85,"column":14}},"36":{"start":{"line":79,"column":16},"end":{"line":84,"column":17}},"37":{"start":{"line":81,"column":24},"end":{"line":83,"column":27}},"38":{"start":{"line":87,"column":12},"end":{"line":90,"column":13}},"39":{"start":{"line":88,"column":16},"end":{"line":88,"column":42}},"40":{"start":{"line":89,"column":16},"end":{"line":89,"column":29}},"41":{"start":{"line":92,"column":12},"end":{"line":92,"column":83}},"42":{"start":{"line":95,"column":12},"end":{"line":95,"column":76}}},"fnMap":{"0":{"name":"(anonymous_0)","decl":{"start":{"line":9,"column":4},"end":{"line":9,"column":5}},"loc":{"start":{"line":9,"column":27},"end":{"line":33,"column":5}},"line":9},"1":{"name":"(anonymous_1)","decl":{"start":{"line":35,"column":4},"end":{"line":35,"column":5}},"loc":{"start":{"line":35,"column":25},"end":{"line":43,"column":5}},"line":35},"2":{"name":"(anonymous_2)","decl":{"start":{"line":45,"column":4},"end":{"line":45,"column":5}},"loc":{"start":{"line":45,"column":27},"end":{"line":63,"column":5}},"line":45},"3":{"name":"(anonymous_3)","decl":{"start":{"line":65,"column":4},"end":{"line":65,"column":5}},"loc":{"start":{"line":65,"column":33},"end":{"line":97,"column":5}},"line":65},"4":{"name":"(anonymous_4)","decl":{"start":{"line":78,"column":32},"end":{"line":78,"column":33}},"loc":{"start":{"line":78,"column":42},"end":{"line":85,"column":13}},"line":78}},"branchMap":{"0":{"loc":{"start":{"line":12,"column":8},"end":{"line":13,"column":72}},"type":"if","locations":[{"start":{"line":12,"column":8},"end":{"line":13,"column":72}},{"start":{"line":12,"column":8},"end":{"line":13,"column":72}}],"line":12},"1":{"loc":{"start":{"line":12,"column":11},"end":{"line":12,"column":93}},"type":"binary-expr","locations":[{"start":{"line":12,"column":11},"end":{"line":12,"column":23}},{"start":{"line":12,"column":27},"end":{"line":12,"column":38}},{"start":{"line":12,"column":42},"end":{"line":12,"column":53}},{"start":{"line":12,"column":57},"end":{"line":12,"column":70}},{"start":{"line":12,"column":74},"end":{"line":12,"column":93}}],"line":12},"2":{"loc":{"start":{"line":16,"column":12},"end":{"line":17,"column":79}},"type":"if","locations":[{"start":{"line":16,"column":12},"end":{"line":17,"column":79}},{"start":{"line":16,"column":12},"end":{"line":17,"column":79}}],"line":16},"3":{"loc":{"start":{"line":49,"column":8},"end":{"line":50,"column":72}},"type":"if","locations":[{"start":{"line":49,"column":8},"end":{"line":50,"column":72}},{"start":{"line":49,"column":8},"end":{"line":50,"column":72}}],"line":49},"4":{"loc":{"start":{"line":55,"column":12},"end":{"line":56,"column":73}},"type":"if","locations":[{"start":{"line":55,"column":12},"end":{"line":56,"column":73}},{"start":{"line":55,"column":12},"end":{"line":56,"column":73}}],"line":55},"5":{"loc":{"start":{"line":69,"column":8},"end":{"line":70,"column":72}},"type":"if","locations":[{"start":{"line":69,"column":8},"end":{"line":70,"column":72}},{"start":{"line":69,"column":8},"end":{"line":70,"column":72}}],"line":69},"6":{"loc":{"start":{"line":69,"column":11},"end":{"line":69,"column":61}},"type":"binary-expr","locations":[{"start":{"line":69,"column":11},"end":{"line":69,"column":23}},{"start":{"line":69,"column":27},"end":{"line":69,"column":38}},{"start":{"line":69,"column":42},"end":{"line":69,"column":61}}],"line":69},"7":{"loc":{"start":{"line":72,"column":8},"end":{"line":73,"column":72}},"type":"if","locations":[{"start":{"line":72,"column":8},"end":{"line":73,"column":72}},{"start":{"line":72,"column":8},"end":{"line":73,"column":72}}],"line":72},"8":{"loc":{"start":{"line":79,"column":16},"end":{"line":84,"column":17}},"type":"if","locations":[{"start":{"line":79,"column":16},"end":{"line":84,"column":17}},{"start":{"line":79,"column":16},"end":{"line":84,"column":17}}],"line":79},"9":{"loc":{"start":{"line":79,"column":19},"end":{"line":80,"column":72}},"type":"binary-expr","locations":[{"start":{"line":79,"column":19},"end":{"line":79,"column":41}},{"start":{"line":79,"column":45},"end":{"line":79,"column":69}},{"start":{"line":79,"column":73},"end":{"line":79,"column":93}},{"start":{"line":80,"column":20},"end":{"line":80,"column":42}},{"start":{"line":80,"column":46},"end":{"line":80,"column":72}}],"line":79},"10":{"loc":{"start":{"line":87,"column":12},"end":{"line":90,"column":13}},"type":"if","locations":[{"start":{"line":87,"column":12},"end":{"line":90,"column":13}},{"start":{"line":87,"column":12},"end":{"line":90,"column":13}}],"line":87}},"s":{"0":2,"1":2,"2":2,"3":1,"4":1,"5":0,"6":1,"7":1,"8":0,"9":1,"10":1,"11":0,"12":0,"13":0,"14":0,"15":0,"16":0,"17":0,"18":1,"19":1,"20":0,"21":1,"22":1,"23":1,"24":1,"25":0,"26":0,"27":0,"28":0,"29":0,"30":0,"31":0,"32":0,"33":0,"34":0,"35":0,"36":0,"37":0,"38":0,"39":0,"40":0,"41":0,"42":0},"f":{"0":1,"1":0,"2":1,"3":0,"4":0},"b":{"0":[0,1],"1":[1,1,1,1,1],"2":[0,1],"3":[0,1],"4":[1,0],"5":[0,0],"6":[0,0,0],"7":[0,0],"8":[0,0],"9":[0,0,0,0,0],"10":[0,0]},"_coverageSchema":"1a1c01bbd47fc00a2c39e90264f33305004495a9","hash":"453693879e90188cc5dd5cb86a109f7c36e2f709"}
,"D:\\Projects\\agendamedica3\\bcc323\\src\\models\\Date.js": {"path":"D:\\Projects\\agendamedica3\\bcc323\\src\\models\\Date.js","statementMap":{"0":{"start":{"line":1,"column":17},"end":{"line":1,"column":36}},"1":{"start":{"line":3,"column":19},"end":{"line":16,"column":2}},"2":{"start":{"line":18,"column":0},"end":{"line":18,"column":27}}},"fnMap":{},"branchMap":{},"s":{"0":2,"1":2,"2":2},"f":{},"b":{},"_coverageSchema":"1a1c01bbd47fc00a2c39e90264f33305004495a9","hash":"f56861fee26d4a9dafcb7469561eec29cb8c5ce1"}
,"D:\\Projects\\agendamedica3\\bcc323\\src\\models\\Doctor.js": {"path":"D:\\Projects\\agendamedica3\\bcc323\\src\\models\\Doctor.js","statementMap":{"0":{"start":{"line":1,"column":17},"end":{"line":1,"column":36}},"1":{"start":{"line":2,"column":17},"end":{"line":2,"column":34}},"2":{"start":{"line":4,"column":21},"end":{"line":37,"column":2}},"3":{"start":{"line":39,"column":0},"end":{"line":39,"column":56}}},"fnMap":{},"branchMap":{},"s":{"0":2,"1":2,"2":2,"3":2},"f":{},"b":{},"_coverageSchema":"1a1c01bbd47fc00a2c39e90264f33305004495a9","hash":"7050b7501a358b3c21e6b372d36ff636f8dd8496"}
,"D:\\Projects\\agendamedica3\\bcc323\\src\\models\\MedicalClinic.js": {"path":"D:\\Projects\\agendamedica3\\bcc323\\src\\models\\MedicalClinic.js","statementMap":{"0":{"start":{"line":1,"column":17},"end":{"line":1,"column":36}},"1":{"start":{"line":3,"column":28},"end":{"line":32,"column":2}},"2":{"start":{"line":34,"column":0},"end":{"line":34,"column":70}}},"fnMap":{},"branchMap":{},"s":{"0":2,"1":2,"2":2},"f":{},"b":{},"_coverageSchema":"1a1c01bbd47fc00a2c39e90264f33305004495a9","hash":"8f9f374486bcdbcf11908c7c4d4d53118ff3eea3"}
,"D:\\Projects\\agendamedica3\\bcc323\\src\\models\\User.js": {"path":"D:\\Projects\\agendamedica3\\bcc323\\src\\models\\User.js","statementMap":{"0":{"start":{"line":1,"column":17},"end":{"line":1,"column":36}},"1":{"start":{"line":3,"column":19},"end":{"line":32,"column":2}},"2":{"start":{"line":34,"column":0},"end":{"line":34,"column":52}}},"fnMap":{},"branchMap":{},"s":{"0":2,"1":2,"2":2},"f":{},"b":{},"_coverageSchema":"1a1c01bbd47fc00a2c39e90264f33305004495a9","hash":"f7ddd9056333436a682dd3a2360d06791f556c5c"}
,"D:\\Projects\\agendamedica3\\bcc323\\src\\routes\\Doctor.js": {"path":"D:\\Projects\\agendamedica3\\bcc323\\src\\routes\\Doctor.js","statementMap":{"0":{"start":{"line":2,"column":16},"end":{"line":2,"column":34}},"1":{"start":{"line":3,"column":15},"end":{"line":3,"column":31}},"2":{"start":{"line":4,"column":13},"end":{"line":4,"column":42}},"3":{"start":{"line":7,"column":25},"end":{"line":7,"column":57}},"4":{"start":{"line":9,"column":0},"end":{"line":9,"column":77}},"5":{"start":{"line":10,"column":0},"end":{"line":10,"column":77}},"6":{"start":{"line":11,"column":0},"end":{"line":11,"column":88}},"7":{"start":{"line":12,"column":0},"end":{"line":12,"column":79}},"8":{"start":{"line":13,"column":0},"end":{"line":13,"column":85}},"9":{"start":{"line":16,"column":0},"end":{"line":16,"column":24}}},"fnMap":{},"branchMap":{},"s":{"0":2,"1":2,"2":2,"3":2,"4":2,"5":2,"6":2,"7":2,"8":2,"9":2},"f":{},"b":{},"_coverageSchema":"1a1c01bbd47fc00a2c39e90264f33305004495a9","hash":"8d0ae654c330abb46ccbe1c930ebfb586929b21f"}
,"D:\\Projects\\agendamedica3\\bcc323\\src\\routes\\MedicalClinic.js": {"path":"D:\\Projects\\agendamedica3\\bcc323\\src\\routes\\MedicalClinic.js","statementMap":{"0":{"start":{"line":2,"column":16},"end":{"line":2,"column":34}},"1":{"start":{"line":3,"column":15},"end":{"line":3,"column":31}},"2":{"start":{"line":4,"column":13},"end":{"line":4,"column":42}},"3":{"start":{"line":7,"column":22},"end":{"line":7,"column":61}},"4":{"start":{"line":9,"column":0},"end":{"line":9,"column":83}},"5":{"start":{"line":10,"column":0},"end":{"line":10,"column":75}},"6":{"start":{"line":12,"column":0},"end":{"line":12,"column":74}},"7":{"start":{"line":13,"column":0},"end":{"line":13,"column":80}},"8":{"start":{"line":14,"column":0},"end":{"line":14,"column":91}},"9":{"start":{"line":16,"column":0},"end":{"line":16,"column":77}},"10":{"start":{"line":18,"column":0},"end":{"line":18,"column":24}}},"fnMap":{},"branchMap":{},"s":{"0":2,"1":2,"2":2,"3":2,"4":2,"5":2,"6":2,"7":2,"8":2,"9":2,"10":2},"f":{},"b":{},"_coverageSchema":"1a1c01bbd47fc00a2c39e90264f33305004495a9","hash":"51f91f969bb2a658ae9a7556f449d36b910b319a"}
,"D:\\Projects\\agendamedica3\\bcc323\\src\\routes\\User.js": {"path":"D:\\Projects\\agendamedica3\\bcc323\\src\\routes\\User.js","statementMap":{"0":{"start":{"line":2,"column":16},"end":{"line":2,"column":34}},"1":{"start":{"line":3,"column":15},"end":{"line":3,"column":31}},"2":{"start":{"line":4,"column":13},"end":{"line":4,"column":42}},"3":{"start":{"line":7,"column":23},"end":{"line":7,"column":53}},"4":{"start":{"line":9,"column":0},"end":{"line":9,"column":75}},"5":{"start":{"line":10,"column":0},"end":{"line":10,"column":68}},"6":{"start":{"line":11,"column":0},"end":{"line":11,"column":75}},"7":{"start":{"line":13,"column":0},"end":{"line":13,"column":24}}},"fnMap":{},"branchMap":{},"s":{"0":2,"1":2,"2":2,"3":2,"4":2,"5":2,"6":2,"7":2},"f":{},"b":{},"_coverageSchema":"1a1c01bbd47fc00a2c39e90264f33305004495a9","hash":"5e7e98875ce4d29240cf7b49806179062b0f2a3b"}
,"D:\\Projects\\agendamedica3\\bcc323\\src\\routes\\middlewares\\auth.js": {"path":"D:\\Projects\\agendamedica3\\bcc323\\src\\routes\\middlewares\\auth.js","statementMap":{"0":{"start":{"line":1,"column":14},"end":{"line":1,"column":44}},"1":{"start":{"line":3,"column":21},"end":{"line":10,"column":1}},"2":{"start":{"line":4,"column":4},"end":{"line":8,"column":5}},"3":{"start":{"line":5,"column":8},"end":{"line":5,"column":64}},"4":{"start":{"line":7,"column":8},"end":{"line":7,"column":29}},"5":{"start":{"line":9,"column":4},"end":{"line":9,"column":11}},"6":{"start":{"line":12,"column":31},"end":{"line":38,"column":1}},"7":{"start":{"line":13,"column":4},"end":{"line":37,"column":6}},"8":{"start":{"line":14,"column":8},"end":{"line":36,"column":9}},"9":{"start":{"line":15,"column":34},"end":{"line":15,"column":37}},"10":{"start":{"line":17,"column":12},"end":{"line":19,"column":13}},"11":{"start":{"line":18,"column":16},"end":{"line":18,"column":68}},"12":{"start":{"line":21,"column":29},"end":{"line":21,"column":72}},"13":{"start":{"line":22,"column":12},"end":{"line":22,"column":38}},"14":{"start":{"line":24,"column":12},"end":{"line":27,"column":13}},"15":{"start":{"line":25,"column":16},"end":{"line":25,"column":86}},"16":{"start":{"line":26,"column":16},"end":{"line":26,"column":30}},"17":{"start":{"line":29,"column":12},"end":{"line":32,"column":13}},"18":{"start":{"line":30,"column":16},"end":{"line":30,"column":84}},"19":{"start":{"line":31,"column":16},"end":{"line":31,"column":30}},"20":{"start":{"line":34,"column":12},"end":{"line":34,"column":31}},"21":{"start":{"line":35,"column":12},"end":{"line":35,"column":98}},"22":{"start":{"line":40,"column":29},"end":{"line":66,"column":1}},"23":{"start":{"line":41,"column":4},"end":{"line":65,"column":6}},"24":{"start":{"line":42,"column":8},"end":{"line":64,"column":9}},"25":{"start":{"line":43,"column":34},"end":{"line":43,"column":37}},"26":{"start":{"line":45,"column":12},"end":{"line":47,"column":13}},"27":{"start":{"line":46,"column":16},"end":{"line":46,"column":68}},"28":{"start":{"line":49,"column":29},"end":{"line":49,"column":72}},"29":{"start":{"line":50,"column":12},"end":{"line":50,"column":38}},"30":{"start":{"line":52,"column":12},"end":{"line":59,"column":18}},"31":{"start":{"line":55,"column":20},"end":{"line":58,"column":110}},"32":{"start":{"line":56,"column":24},"end":{"line":56,"column":38}},"33":{"start":{"line":58,"column":24},"end":{"line":58,"column":110}},"34":{"start":{"line":62,"column":12},"end":{"line":62,"column":31}},"35":{"start":{"line":63,"column":12},"end":{"line":63,"column":98}},"36":{"start":{"line":68,"column":31},"end":{"line":94,"column":1}},"37":{"start":{"line":69,"column":4},"end":{"line":93,"column":6}},"38":{"start":{"line":70,"column":8},"end":{"line":92,"column":9}},"39":{"start":{"line":71,"column":34},"end":{"line":71,"column":37}},"40":{"start":{"line":73,"column":12},"end":{"line":75,"column":13}},"41":{"start":{"line":74,"column":16},"end":{"line":74,"column":68}},"42":{"start":{"line":77,"column":29},"end":{"line":77,"column":72}},"43":{"start":{"line":78,"column":12},"end":{"line":78,"column":38}},"44":{"start":{"line":80,"column":12},"end":{"line":87,"column":18}},"45":{"start":{"line":83,"column":20},"end":{"line":86,"column":110}},"46":{"start":{"line":84,"column":24},"end":{"line":84,"column":38}},"47":{"start":{"line":86,"column":24},"end":{"line":86,"column":110}},"48":{"start":{"line":90,"column":12},"end":{"line":90,"column":31}},"49":{"start":{"line":91,"column":12},"end":{"line":91,"column":98}},"50":{"start":{"line":96,"column":0},"end":{"line":100,"column":1}}},"fnMap":{"0":{"name":"(anonymous_0)","decl":{"start":{"line":3,"column":21},"end":{"line":3,"column":22}},"loc":{"start":{"line":3,"column":41},"end":{"line":10,"column":1}},"line":3},"1":{"name":"(anonymous_1)","decl":{"start":{"line":12,"column":31},"end":{"line":12,"column":32}},"loc":{"start":{"line":12,"column":51},"end":{"line":38,"column":1}},"line":12},"2":{"name":"(anonymous_2)","decl":{"start":{"line":13,"column":27},"end":{"line":13,"column":28}},"loc":{"start":{"line":13,"column":39},"end":{"line":37,"column":5}},"line":13},"3":{"name":"(anonymous_3)","decl":{"start":{"line":40,"column":29},"end":{"line":40,"column":30}},"loc":{"start":{"line":40,"column":49},"end":{"line":66,"column":1}},"line":40},"4":{"name":"(anonymous_4)","decl":{"start":{"line":41,"column":27},"end":{"line":41,"column":28}},"loc":{"start":{"line":41,"column":39},"end":{"line":65,"column":5}},"line":41},"5":{"name":"(anonymous_5)","decl":{"start":{"line":54,"column":42},"end":{"line":54,"column":43}},"loc":{"start":{"line":54,"column":58},"end":{"line":59,"column":17}},"line":54},"6":{"name":"(anonymous_6)","decl":{"start":{"line":68,"column":31},"end":{"line":68,"column":32}},"loc":{"start":{"line":68,"column":51},"end":{"line":94,"column":1}},"line":68},"7":{"name":"(anonymous_7)","decl":{"start":{"line":69,"column":27},"end":{"line":69,"column":28}},"loc":{"start":{"line":69,"column":39},"end":{"line":93,"column":5}},"line":69},"8":{"name":"(anonymous_8)","decl":{"start":{"line":82,"column":42},"end":{"line":82,"column":43}},"loc":{"start":{"line":82,"column":58},"end":{"line":87,"column":17}},"line":82}},"branchMap":{"0":{"loc":{"start":{"line":4,"column":4},"end":{"line":8,"column":5}},"type":"if","locations":[{"start":{"line":4,"column":4},"end":{"line":8,"column":5}},{"start":{"line":4,"column":4},"end":{"line":8,"column":5}}],"line":4},"1":{"loc":{"start":{"line":4,"column":8},"end":{"line":4,"column":89}},"type":"binary-expr","locations":[{"start":{"line":4,"column":8},"end":{"line":4,"column":33}},{"start":{"line":4,"column":37},"end":{"line":4,"column":89}}],"line":4},"2":{"loc":{"start":{"line":17,"column":12},"end":{"line":19,"column":13}},"type":"if","locations":[{"start":{"line":17,"column":12},"end":{"line":19,"column":13}},{"start":{"line":17,"column":12},"end":{"line":19,"column":13}}],"line":17},"3":{"loc":{"start":{"line":24,"column":12},"end":{"line":27,"column":13}},"type":"if","locations":[{"start":{"line":24,"column":12},"end":{"line":27,"column":13}},{"start":{"line":24,"column":12},"end":{"line":27,"column":13}}],"line":24},"4":{"loc":{"start":{"line":29,"column":12},"end":{"line":32,"column":13}},"type":"if","locations":[{"start":{"line":29,"column":12},"end":{"line":32,"column":13}},{"start":{"line":29,"column":12},"end":{"line":32,"column":13}}],"line":29},"5":{"loc":{"start":{"line":45,"column":12},"end":{"line":47,"column":13}},"type":"if","locations":[{"start":{"line":45,"column":12},"end":{"line":47,"column":13}},{"start":{"line":45,"column":12},"end":{"line":47,"column":13}}],"line":45},"6":{"loc":{"start":{"line":55,"column":20},"end":{"line":58,"column":110}},"type":"if","locations":[{"start":{"line":55,"column":20},"end":{"line":58,"column":110}},{"start":{"line":55,"column":20},"end":{"line":58,"column":110}}],"line":55},"7":{"loc":{"start":{"line":73,"column":12},"end":{"line":75,"column":13}},"type":"if","locations":[{"start":{"line":73,"column":12},"end":{"line":75,"column":13}},{"start":{"line":73,"column":12},"end":{"line":75,"column":13}}],"line":73},"8":{"loc":{"start":{"line":83,"column":20},"end":{"line":86,"column":110}},"type":"if","locations":[{"start":{"line":83,"column":20},"end":{"line":86,"column":110}},{"start":{"line":83,"column":20},"end":{"line":86,"column":110}}],"line":83}},"s":{"0":2,"1":2,"2":16,"3":16,"4":0,"5":16,"6":2,"7":2,"8":2,"9":2,"10":2,"11":0,"12":2,"13":2,"14":2,"15":1,"16":1,"17":1,"18":1,"19":1,"20":0,"21":0,"22":2,"23":7,"24":7,"25":7,"26":7,"27":0,"28":7,"29":7,"30":7,"31":7,"32":7,"33":0,"34":0,"35":0,"36":2,"37":7,"38":7,"39":7,"40":7,"41":0,"42":7,"43":7,"44":7,"45":7,"46":7,"47":0,"48":0,"49":0,"50":2},"f":{"0":16,"1":2,"2":2,"3":7,"4":7,"5":7,"6":7,"7":7,"8":7},"b":{"0":[16,0],"1":[16,16],"2":[0,2],"3":[1,1],"4":[1,0],"5":[0,7],"6":[7,0],"7":[0,7],"8":[7,0]},"_coverageSchema":"1a1c01bbd47fc00a2c39e90264f33305004495a9","hash":"e61eceb130b9936f1a9bb0e74552c0cc02c66fe1"}
,"D:\\Projects\\agendamedica3\\bcc323\\src\\routes\\middlewares\\firebaseInitilize.js": {"path":"D:\\Projects\\agendamedica3\\bcc323\\src\\routes\\middlewares\\firebaseInitilize.js","statementMap":{"0":{"start":{"line":1,"column":12},"end":{"line":1,"column":37}},"1":{"start":{"line":3,"column":21},"end":{"line":3,"column":100}},"2":{"start":{"line":5,"column":0},"end":{"line":7,"column":3}},"3":{"start":{"line":9,"column":0},"end":{"line":9,"column":23}}},"fnMap":{},"branchMap":{},"s":{"0":2,"1":2,"2":2,"3":2},"f":{},"b":{},"_coverageSchema":"1a1c01bbd47fc00a2c39e90264f33305004495a9","hash":"207ea18dfd6cfa4559e2ff4d8c08a4c11dbf3d34"}
,"D:\\Projects\\agendamedica3\\bcc323\\src\\utils\\firebaseFunctions.js": {"path":"D:\\Projects\\agendamedica3\\bcc323\\src\\utils\\firebaseFunctions.js","statementMap":{"0":{"start":{"line":2,"column":0},"end":{"line":2,"column":27}},"1":{"start":{"line":8,"column":23},"end":{"line":16,"column":1}},"2":{"start":{"line":19,"column":13},"end":{"line":19,"column":53}},"3":{"start":{"line":21,"column":0},"end":{"line":134,"column":1}},"4":{"start":{"line":23,"column":23},"end":{"line":30,"column":14}},"5":{"start":{"line":25,"column":16},"end":{"line":25,"column":27}},"6":{"start":{"line":28,"column":16},"end":{"line":28,"column":35}},"7":{"start":{"line":29,"column":16},"end":{"line":29,"column":28}},"8":{"start":{"line":32,"column":8},"end":{"line":32,"column":22}},"9":{"start":{"line":36,"column":23},"end":{"line":42,"column":14}},"10":{"start":{"line":38,"column":16},"end":{"line":38,"column":28}},"11":{"start":{"line":41,"column":16},"end":{"line":41,"column":29}},"12":{"start":{"line":44,"column":8},"end":{"line":44,"column":22}},"13":{"start":{"line":48,"column":8},"end":{"line":48,"column":32}},"14":{"start":{"line":52,"column":8},"end":{"line":52,"column":36}},"15":{"start":{"line":56,"column":8},"end":{"line":57,"column":23}},"16":{"start":{"line":57,"column":12},"end":{"line":57,"column":23}},"17":{"start":{"line":59,"column":8},"end":{"line":59,"column":20}},"18":{"start":{"line":63,"column":19},"end":{"line":63,"column":35}},"19":{"start":{"line":65,"column":25},"end":{"line":71,"column":14}},"20":{"start":{"line":67,"column":16},"end":{"line":67,"column":27}},"21":{"start":{"line":69,"column":16},"end":{"line":69,"column":35}},"22":{"start":{"line":70,"column":16},"end":{"line":70,"column":28}},"23":{"start":{"line":73,"column":8},"end":{"line":73,"column":24}},"24":{"start":{"line":77,"column":19},"end":{"line":77,"column":35}},"25":{"start":{"line":79,"column":25},"end":{"line":83,"column":10}},"26":{"start":{"line":80,"column":12},"end":{"line":80,"column":24}},"27":{"start":{"line":82,"column":12},"end":{"line":82,"column":25}},"28":{"start":{"line":85,"column":8},"end":{"line":85,"column":24}},"29":{"start":{"line":89,"column":25},"end":{"line":95,"column":10}},"30":{"start":{"line":90,"column":12},"end":{"line":90,"column":24}},"31":{"start":{"line":93,"column":12},"end":{"line":93,"column":30}},"32":{"start":{"line":94,"column":12},"end":{"line":94,"column":25}},"33":{"start":{"line":97,"column":8},"end":{"line":97,"column":24}},"34":{"start":{"line":101,"column":25},"end":{"line":110,"column":14}},"35":{"start":{"line":103,"column":37},"end":{"line":107,"column":18}},"36":{"start":{"line":104,"column":20},"end":{"line":104,"column":32}},"37":{"start":{"line":106,"column":20},"end":{"line":106,"column":33}},"38":{"start":{"line":109,"column":16},"end":{"line":109,"column":36}},"39":{"start":{"line":112,"column":8},"end":{"line":112,"column":24}},"40":{"start":{"line":116,"column":21},"end":{"line":116,"column":37}},"41":{"start":{"line":118,"column":8},"end":{"line":129,"column":9}},"42":{"start":{"line":119,"column":27},"end":{"line":126,"column":18}},"43":{"start":{"line":121,"column":20},"end":{"line":121,"column":35}},"44":{"start":{"line":124,"column":20},"end":{"line":124,"column":39}},"45":{"start":{"line":125,"column":20},"end":{"line":125,"column":33}},"46":{"start":{"line":128,"column":12},"end":{"line":128,"column":38}},"47":{"start":{"line":130,"column":8},"end":{"line":130,"column":21}}},"fnMap":{"0":{"name":"(anonymous_0)","decl":{"start":{"line":22,"column":4},"end":{"line":22,"column":5}},"loc":{"start":{"line":22,"column":38},"end":{"line":33,"column":5}},"line":22},"1":{"name":"(anonymous_1)","decl":{"start":{"line":24,"column":18},"end":{"line":24,"column":19}},"loc":{"start":{"line":24,"column":28},"end":{"line":26,"column":13}},"line":24},"2":{"name":"(anonymous_2)","decl":{"start":{"line":27,"column":19},"end":{"line":27,"column":20}},"loc":{"start":{"line":27,"column":30},"end":{"line":30,"column":13}},"line":27},"3":{"name":"(anonymous_3)","decl":{"start":{"line":35,"column":4},"end":{"line":35,"column":5}},"loc":{"start":{"line":35,"column":34},"end":{"line":45,"column":5}},"line":35},"4":{"name":"(anonymous_4)","decl":{"start":{"line":37,"column":18},"end":{"line":37,"column":19}},"loc":{"start":{"line":37,"column":28},"end":{"line":39,"column":13}},"line":37},"5":{"name":"(anonymous_5)","decl":{"start":{"line":40,"column":19},"end":{"line":40,"column":20}},"loc":{"start":{"line":40,"column":30},"end":{"line":42,"column":13}},"line":40},"6":{"name":"(anonymous_6)","decl":{"start":{"line":47,"column":4},"end":{"line":47,"column":5}},"loc":{"start":{"line":47,"column":23},"end":{"line":49,"column":5}},"line":47},"7":{"name":"(anonymous_7)","decl":{"start":{"line":51,"column":4},"end":{"line":51,"column":5}},"loc":{"start":{"line":51,"column":22},"end":{"line":53,"column":5}},"line":51},"8":{"name":"(anonymous_8)","decl":{"start":{"line":55,"column":4},"end":{"line":55,"column":5}},"loc":{"start":{"line":55,"column":22},"end":{"line":60,"column":5}},"line":55},"9":{"name":"(anonymous_9)","decl":{"start":{"line":62,"column":4},"end":{"line":62,"column":5}},"loc":{"start":{"line":62,"column":29},"end":{"line":74,"column":5}},"line":62},"10":{"name":"(anonymous_10)","decl":{"start":{"line":66,"column":17},"end":{"line":66,"column":18}},"loc":{"start":{"line":66,"column":23},"end":{"line":68,"column":13}},"line":66},"11":{"name":"(anonymous_11)","decl":{"start":{"line":68,"column":21},"end":{"line":68,"column":22}},"loc":{"start":{"line":68,"column":38},"end":{"line":71,"column":13}},"line":68},"12":{"name":"(anonymous_12)","decl":{"start":{"line":76,"column":4},"end":{"line":76,"column":5}},"loc":{"start":{"line":76,"column":31},"end":{"line":86,"column":5}},"line":76},"13":{"name":"(anonymous_13)","decl":{"start":{"line":79,"column":62},"end":{"line":79,"column":63}},"loc":{"start":{"line":79,"column":68},"end":{"line":81,"column":9}},"line":79},"14":{"name":"(anonymous_14)","decl":{"start":{"line":81,"column":17},"end":{"line":81,"column":18}},"loc":{"start":{"line":81,"column":28},"end":{"line":83,"column":9}},"line":81},"15":{"name":"(anonymous_15)","decl":{"start":{"line":88,"column":4},"end":{"line":88,"column":5}},"loc":{"start":{"line":88,"column":24},"end":{"line":98,"column":5}},"line":88},"16":{"name":"(anonymous_16)","decl":{"start":{"line":89,"column":51},"end":{"line":89,"column":52}},"loc":{"start":{"line":89,"column":57},"end":{"line":91,"column":9}},"line":89},"17":{"name":"(anonymous_17)","decl":{"start":{"line":92,"column":15},"end":{"line":92,"column":16}},"loc":{"start":{"line":92,"column":26},"end":{"line":95,"column":9}},"line":92},"18":{"name":"(anonymous_18)","decl":{"start":{"line":100,"column":4},"end":{"line":100,"column":5}},"loc":{"start":{"line":100,"column":38},"end":{"line":113,"column":5}},"line":100},"19":{"name":"(anonymous_19)","decl":{"start":{"line":102,"column":18},"end":{"line":102,"column":19}},"loc":{"start":{"line":102,"column":46},"end":{"line":110,"column":13}},"line":102},"20":{"name":"(anonymous_20)","decl":{"start":{"line":103,"column":73},"end":{"line":103,"column":74}},"loc":{"start":{"line":103,"column":79},"end":{"line":105,"column":17}},"line":103},"21":{"name":"(anonymous_21)","decl":{"start":{"line":105,"column":25},"end":{"line":105,"column":26}},"loc":{"start":{"line":105,"column":36},"end":{"line":107,"column":17}},"line":105},"22":{"name":"(anonymous_22)","decl":{"start":{"line":115,"column":4},"end":{"line":115,"column":5}},"loc":{"start":{"line":115,"column":24},"end":{"line":131,"column":5}},"line":115},"23":{"name":"(anonymous_23)","decl":{"start":{"line":120,"column":22},"end":{"line":120,"column":23}},"loc":{"start":{"line":120,"column":41},"end":{"line":122,"column":17}},"line":120},"24":{"name":"(anonymous_24)","decl":{"start":{"line":123,"column":23},"end":{"line":123,"column":24}},"loc":{"start":{"line":123,"column":32},"end":{"line":126,"column":17}},"line":123}},"branchMap":{"0":{"loc":{"start":{"line":56,"column":8},"end":{"line":57,"column":23}},"type":"if","locations":[{"start":{"line":56,"column":8},"end":{"line":57,"column":23}},{"start":{"line":56,"column":8},"end":{"line":57,"column":23}}],"line":56},"1":{"loc":{"start":{"line":118,"column":8},"end":{"line":129,"column":9}},"type":"if","locations":[{"start":{"line":118,"column":8},"end":{"line":129,"column":9}},{"start":{"line":118,"column":8},"end":{"line":129,"column":9}}],"line":118}},"s":{"0":3,"1":3,"2":3,"3":3,"4":3,"5":3,"6":0,"7":0,"8":3,"9":1,"10":1,"11":0,"12":1,"13":1,"14":2,"15":5,"16":2,"17":3,"18":1,"19":1,"20":1,"21":0,"22":0,"23":1,"24":1,"25":1,"26":1,"27":0,"28":1,"29":1,"30":1,"31":0,"32":0,"33":1,"34":3,"35":3,"36":3,"37":0,"38":3,"39":3,"40":3,"41":3,"42":3,"43":3,"44":0,"45":0,"46":3,"47":0},"f":{"0":3,"1":3,"2":0,"3":1,"4":1,"5":0,"6":1,"7":2,"8":5,"9":1,"10":1,"11":0,"12":1,"13":1,"14":0,"15":1,"16":1,"17":0,"18":3,"19":3,"20":3,"21":0,"22":3,"23":3,"24":0},"b":{"0":[2,3],"1":[3,0]},"_coverageSchema":"1a1c01bbd47fc00a2c39e90264f33305004495a9","hash":"e13469d682f005053812c7bfd2d375e96db8562b"}
}
