TN:
SF:src/index.js
FN:37,(anonymous_0)
FN:40,(anonymous_1)
FN:55,(anonymous_2)
FN:67,(anonymous_3)
FNF:4
FNH:2
FNDA:2,(anonymous_0)
FNDA:2,(anonymous_1)
FNDA:0,(anonymous_2)
FNDA:0,(anonymous_3)
DA:4,2
DA:6,2
DA:7,2
DA:8,2
DA:13,2
DA:14,2
DA:15,2
DA:20,2
DA:21,2
DA:22,2
DA:27,2
DA:28,2
DA:33,2
DA:40,2
DA:41,2
DA:48,2
DA:49,2
DA:50,2
DA:55,2
DA:56,0
DA:61,2
DA:63,2
DA:65,2
DA:67,0
DA:68,0
DA:72,2
LF:26
LH:23
BRDA:61,0,0,2
BRDA:61,0,1,2
BRDA:65,1,0,0
BRDA:65,1,1,2
BRF:4
BRH:3
end_of_record
TN:
SF:src/controllers/Doctor.js
FN:6,(anonymous_0)
FN:36,(anonymous_1)
FN:82,(anonymous_2)
FN:89,(anonymous_3)
FN:108,(anonymous_4)
FN:130,(anonymous_5)
FNF:6
FNH:6
FNDA:1,(anonymous_0)
FNDA:1,(anonymous_1)
FNDA:1,(anonymous_2)
FNDA:1,(anonymous_3)
FNDA:2,(anonymous_4)
FNDA:1,(anonymous_5)
DA:1,2
DA:2,2
DA:3,2
DA:5,2
DA:7,1
DA:9,1
DA:10,0
DA:12,1
DA:13,1
DA:14,0
DA:16,1
DA:17,0
DA:19,1
DA:28,1
DA:31,0
DA:32,0
DA:37,1
DA:39,1
DA:40,0
DA:42,1
DA:43,1
DA:45,1
DA:46,0
DA:49,1
DA:51,1
DA:52,0
DA:54,1
DA:56,1
DA:57,0
DA:60,1
DA:62,1
DA:68,1
DA:69,1
DA:70,1
DA:72,1
DA:74,1
DA:77,0
DA:78,0
DA:83,1
DA:85,1
DA:86,1
DA:87,1
DA:89,1
DA:90,1
DA:91,0
DA:94,1
DA:96,1
DA:97,1
DA:99,1
DA:101,1
DA:103,0
DA:104,0
DA:109,2
DA:111,2
DA:112,1
DA:114,1
DA:115,1
DA:117,0
DA:119,1
DA:120,1
DA:122,1
DA:123,1
DA:125,0
DA:131,1
DA:133,1
DA:134,0
DA:136,1
DA:137,1
DA:139,1
DA:140,1
DA:141,1
DA:144,0
DA:146,0
DA:147,0
LF:74
LH:54
BRDA:9,0,0,0
BRDA:9,0,1,1
BRDA:9,1,0,1
BRDA:9,1,1,1
BRDA:9,1,2,1
BRDA:9,1,3,1
BRDA:9,1,4,1
BRDA:9,1,5,1
BRDA:13,2,0,0
BRDA:13,2,1,1
BRDA:16,3,0,0
BRDA:16,3,1,1
BRDA:39,4,0,0
BRDA:39,4,1,1
BRDA:39,5,0,1
BRDA:39,5,1,1
BRDA:45,6,0,0
BRDA:45,6,1,1
BRDA:51,7,0,0
BRDA:51,7,1,1
BRDA:56,8,0,0
BRDA:56,8,1,1
BRDA:90,9,0,0
BRDA:90,9,1,1
BRDA:96,10,0,1
BRDA:96,10,1,0
BRDA:111,11,0,1
BRDA:111,11,1,1
BRDA:114,12,0,1
BRDA:114,12,1,0
BRDA:119,13,0,1
BRDA:119,13,1,0
BRDA:122,14,0,1
BRDA:122,14,1,0
BRDA:133,15,0,0
BRDA:133,15,1,1
BRDA:133,16,0,1
BRDA:133,16,1,1
BRDA:139,17,0,1
BRDA:139,17,1,0
BRF:40
BRH:26
end_of_record
TN:
SF:src/controllers/MedicalClinic.js
FN:5,(anonymous_0)
FN:31,(anonymous_1)
FN:58,(anonymous_2)
FN:68,(anonymous_3)
FN:86,(anonymous_4)
FN:109,(anonymous_5)
FN:132,(anonymous_6)
FNF:7
FNH:7
FNDA:1,(anonymous_0)
FNDA:2,(anonymous_1)
FNDA:2,(anonymous_2)
FNDA:2,(anonymous_3)
FNDA:1,(anonymous_4)
FNDA:1,(anonymous_5)
FNDA:1,(anonymous_6)
DA:1,2
DA:2,2
DA:4,2
DA:6,1
DA:8,1
DA:9,0
DA:11,1
DA:12,1
DA:13,0
DA:15,1
DA:23,1
DA:26,0
DA:27,0
DA:32,2
DA:34,2
DA:35,0
DA:37,2
DA:38,2
DA:40,2
DA:41,1
DA:43,2
DA:44,1
DA:46,2
DA:47,2
DA:49,0
DA:53,0
DA:54,0
DA:59,2
DA:61,2
DA:62,0
DA:64,2
DA:65,2
DA:67,2
DA:68,1
DA:69,2
DA:71,1
DA:74,1
DA:75,1
DA:78,2
DA:81,0
DA:82,0
DA:87,1
DA:89,1
DA:90,0
DA:91,1
DA:92,1
DA:93,1
DA:98,1
DA:100,1
DA:103,0
DA:104,0
DA:110,1
DA:112,1
DA:113,0
DA:115,1
DA:116,1
DA:117,1
DA:119,1
DA:120,2
DA:121,2
DA:124,1
DA:127,0
DA:128,0
DA:133,1
DA:135,1
DA:136,1
DA:138,1
DA:139,1
DA:141,0
DA:143,0
DA:144,0
LF:71
LH:51
BRDA:8,0,0,0
BRDA:8,0,1,1
BRDA:8,1,0,1
BRDA:8,1,1,1
BRDA:8,1,2,1
BRDA:8,1,3,1
BRDA:8,1,4,1
BRDA:12,2,0,0
BRDA:12,2,1,1
BRDA:34,3,0,0
BRDA:34,3,1,2
BRDA:34,4,0,2
BRDA:34,4,1,1
BRDA:40,5,0,1
BRDA:40,5,1,1
BRDA:43,6,0,1
BRDA:43,6,1,1
BRDA:46,7,0,2
BRDA:46,7,1,0
BRDA:61,8,0,0
BRDA:61,8,1,2
BRDA:67,9,0,1
BRDA:67,9,1,1
BRDA:89,10,0,0
BRDA:89,10,1,1
BRDA:89,11,0,1
BRDA:89,11,1,1
BRDA:112,12,0,0
BRDA:112,12,1,1
BRDA:138,13,0,1
BRDA:138,13,1,0
BRF:31
BRH:23
end_of_record
TN:
SF:src/controllers/User.js
FN:9,(anonymous_0)
FN:35,(anonymous_1)
FN:45,(anonymous_2)
FN:65,(anonymous_3)
FN:78,(anonymous_4)
FNF:5
FNH:2
FNDA:1,(anonymous_0)
FNDA:0,(anonymous_1)
FNDA:1,(anonymous_2)
FNDA:0,(anonymous_3)
FNDA:0,(anonymous_4)
DA:2,2
DA:3,2
DA:8,2
DA:10,1
DA:12,1
DA:13,0
DA:15,1
DA:16,1
DA:17,0
DA:19,1
DA:27,1
DA:30,0
DA:31,0
DA:36,0
DA:37,0
DA:38,0
DA:40,0
DA:41,0
DA:46,1
DA:49,1
DA:50,0
DA:52,1
DA:53,1
DA:55,1
DA:56,1
DA:58,0
DA:60,0
DA:61,0
DA:66,0
DA:69,0
DA:70,0
DA:72,0
DA:73,0
DA:75,0
DA:76,0
DA:78,0
DA:79,0
DA:81,0
DA:87,0
DA:88,0
DA:89,0
DA:92,0
DA:95,0
LF:43
LH:15
BRDA:12,0,0,0
BRDA:12,0,1,1
BRDA:12,1,0,1
BRDA:12,1,1,1
BRDA:12,1,2,1
BRDA:12,1,3,1
BRDA:12,1,4,1
BRDA:16,2,0,0
BRDA:16,2,1,1
BRDA:49,3,0,0
BRDA:49,3,1,1
BRDA:55,4,0,1
BRDA:55,4,1,0
BRDA:69,5,0,0
BRDA:69,5,1,0
BRDA:69,6,0,0
BRDA:69,6,1,0
BRDA:69,6,2,0
BRDA:72,7,0,0
BRDA:72,7,1,0
BRDA:79,8,0,0
BRDA:79,8,1,0
BRDA:79,9,0,0
BRDA:79,9,1,0
BRDA:79,9,2,0
BRDA:79,9,3,0
BRDA:79,9,4,0
BRDA:87,10,0,0
BRDA:87,10,1,0
BRF:29
BRH:9
end_of_record
TN:
SF:src/models/Date.js
FNF:0
FNH:0
DA:1,2
DA:3,2
DA:18,2
LF:3
LH:3
BRF:0
BRH:0
end_of_record
TN:
SF:src/models/Doctor.js
FNF:0
FNH:0
DA:1,2
DA:2,2
DA:4,2
DA:39,2
LF:4
LH:4
BRF:0
BRH:0
end_of_record
TN:
SF:src/models/MedicalClinic.js
FNF:0
FNH:0
DA:1,2
DA:3,2
DA:34,2
LF:3
LH:3
BRF:0
BRH:0
end_of_record
TN:
SF:src/models/User.js
FNF:0
FNH:0
DA:1,2
DA:3,2
DA:34,2
LF:3
LH:3
BRF:0
BRH:0
end_of_record
TN:
SF:src/routes/Doctor.js
FNF:0
FNH:0
DA:2,2
DA:3,2
DA:4,2
DA:7,2
DA:9,2
DA:10,2
DA:11,2
DA:12,2
DA:13,2
DA:16,2
LF:10
LH:10
BRF:0
BRH:0
end_of_record
TN:
SF:src/routes/MedicalClinic.js
FNF:0
FNH:0
DA:2,2
DA:3,2
DA:4,2
DA:7,2
DA:9,2
DA:10,2
DA:12,2
DA:13,2
DA:14,2
DA:16,2
DA:18,2
LF:11
LH:11
BRF:0
BRH:0
end_of_record
TN:
SF:src/routes/User.js
FNF:0
FNH:0
DA:2,2
DA:3,2
DA:4,2
DA:7,2
DA:9,2
DA:10,2
DA:11,2
DA:13,2
LF:8
LH:8
BRF:0
BRH:0
end_of_record
TN:
SF:src/routes/middlewares/auth.js
FN:3,(anonymous_0)
FN:12,(anonymous_1)
FN:13,(anonymous_2)
FN:40,(anonymous_3)
FN:41,(anonymous_4)
FN:54,(anonymous_5)
FN:68,(anonymous_6)
FN:69,(anonymous_7)
FN:82,(anonymous_8)
FNF:9
FNH:9
FNDA:16,(anonymous_0)
FNDA:2,(anonymous_1)
FNDA:2,(anonymous_2)
FNDA:7,(anonymous_3)
FNDA:7,(anonymous_4)
FNDA:7,(anonymous_5)
FNDA:7,(anonymous_6)
FNDA:7,(anonymous_7)
FNDA:7,(anonymous_8)
DA:1,2
DA:3,2
DA:4,16
DA:5,16
DA:7,0
DA:9,16
DA:12,2
DA:13,2
DA:14,2
DA:15,2
DA:17,2
DA:18,0
DA:21,2
DA:22,2
DA:24,2
DA:25,1
DA:26,1
DA:29,1
DA:30,1
DA:31,1
DA:34,0
DA:35,0
DA:40,2
DA:41,7
DA:42,7
DA:43,7
DA:45,7
DA:46,0
DA:49,7
DA:50,7
DA:52,7
DA:55,7
DA:56,7
DA:58,0
DA:62,0
DA:63,0
DA:68,2
DA:69,7
DA:70,7
DA:71,7
DA:73,7
DA:74,0
DA:77,7
DA:78,7
DA:80,7
DA:83,7
DA:84,7
DA:86,0
DA:90,0
DA:91,0
DA:96,2
LF:51
LH:39
BRDA:4,0,0,16
BRDA:4,0,1,0
BRDA:4,1,0,16
BRDA:4,1,1,16
BRDA:17,2,0,0
BRDA:17,2,1,2
BRDA:24,3,0,1
BRDA:24,3,1,1
BRDA:29,4,0,1
BRDA:29,4,1,0
BRDA:45,5,0,0
BRDA:45,5,1,7
BRDA:55,6,0,7
BRDA:55,6,1,0
BRDA:73,7,0,0
BRDA:73,7,1,7
BRDA:83,8,0,7
BRDA:83,8,1,0
BRF:18
BRH:11
end_of_record
TN:
SF:src/routes/middlewares/firebaseInitilize.js
FNF:0
FNH:0
DA:1,2
DA:3,2
DA:5,2
DA:9,2
LF:4
LH:4
BRF:0
BRH:0
end_of_record
TN:
SF:src/utils/firebaseFunctions.js
FN:22,(anonymous_0)
FN:24,(anonymous_1)
FN:27,(anonymous_2)
FN:35,(anonymous_3)
FN:37,(anonymous_4)
FN:40,(anonymous_5)
FN:47,(anonymous_6)
FN:51,(anonymous_7)
FN:55,(anonymous_8)
FN:62,(anonymous_9)
FN:66,(anonymous_10)
FN:68,(anonymous_11)
FN:76,(anonymous_12)
FN:79,(anonymous_13)
FN:81,(anonymous_14)
FN:88,(anonymous_15)
FN:89,(anonymous_16)
FN:92,(anonymous_17)
FN:100,(anonymous_18)
FN:102,(anonymous_19)
FN:103,(anonymous_20)
FN:105,(anonymous_21)
FN:115,(anonymous_22)
FN:120,(anonymous_23)
FN:123,(anonymous_24)
FNF:25
FNH:18
FNDA:3,(anonymous_0)
FNDA:3,(anonymous_1)
FNDA:0,(anonymous_2)
FNDA:1,(anonymous_3)
FNDA:1,(anonymous_4)
FNDA:0,(anonymous_5)
FNDA:1,(anonymous_6)
FNDA:2,(anonymous_7)
FNDA:5,(anonymous_8)
FNDA:1,(anonymous_9)
FNDA:1,(anonymous_10)
FNDA:0,(anonymous_11)
FNDA:1,(anonymous_12)
FNDA:1,(anonymous_13)
FNDA:0,(anonymous_14)
FNDA:1,(anonymous_15)
FNDA:1,(anonymous_16)
FNDA:0,(anonymous_17)
FNDA:3,(anonymous_18)
FNDA:3,(anonymous_19)
FNDA:3,(anonymous_20)
FNDA:0,(anonymous_21)
FNDA:3,(anonymous_22)
FNDA:3,(anonymous_23)
FNDA:0,(anonymous_24)
DA:2,3
DA:8,3
DA:19,3
DA:21,3
DA:23,3
DA:25,3
DA:28,0
DA:29,0
DA:32,3
DA:36,1
DA:38,1
DA:41,0
DA:44,1
DA:48,1
DA:52,2
DA:56,5
DA:57,2
DA:59,3
DA:63,1
DA:65,1
DA:67,1
DA:69,0
DA:70,0
DA:73,1
DA:77,1
DA:79,1
DA:80,1
DA:82,0
DA:85,1
DA:89,1
DA:90,1
DA:93,0
DA:94,0
DA:97,1
DA:101,3
DA:103,3
DA:104,3
DA:106,0
DA:109,3
DA:112,3
DA:116,3
DA:118,3
DA:119,3
DA:121,3
DA:124,0
DA:125,0
DA:128,3
DA:130,0
LF:48
LH:36
BRDA:56,0,0,2
BRDA:56,0,1,3
BRDA:118,1,0,3
BRDA:118,1,1,0
BRF:4
BRH:3
end_of_record
